<?xml version="1.0" encoding="UTF-8"?>
<!-- Generated by org.testng.reporters.JUnitReportReporter -->
<testsuite hostname="RVSKCH45LT" name="com.database.Database_selenium_DDL" tests="1" failures="0" timestamp="4 Mar 2017 14:13:08 GMT" time="0.397" errors="0">
  <testcase name="getEmployeesFromDataBase" time="0.397" classname="com.database.Database_selenium_DDL"/>
</testsuite> <!-- com.database.Database_selenium_DDL -->
